[2018-09-03T18:55:56.822] [INFO] default - SIGNIN Completed
[2018-09-03T18:56:49.770] [INFO] default - SIGNIN Completed
[2018-09-03T18:58:21.115] [INFO] default - SIGNIN Completed
[2018-09-03T18:58:43.496] [INFO] default - verified text compose
[2018-09-03T18:58:43.498] [INFO] default - message composed succesfully
[2018-09-03T18:58:54.954] [INFO] default - message sent succesfully
[2018-09-03T18:58:58.406] [INFO] default - viewing message
[2018-09-03T18:59:01.585] [INFO] default - Verified body
[2018-09-03T18:59:02.423] [INFO] default - SIGNOUT Completed
[2018-09-03T18:59:15.235] [INFO] default - SIGNIN Completed
[2018-09-03T18:59:41.931] [INFO] default - verified text compose
[2018-09-03T18:59:41.931] [INFO] default - message composed succesfully
[2018-09-03T18:59:42.269] [INFO] default - message sent succesfully
[2018-09-03T18:59:42.517] [INFO] default - viewing message
[2018-09-03T18:59:43.066] [INFO] default - SIGNOUT Completed
[2018-09-03T19:00:30.180] [INFO] default - SIGNIN Completed
[2018-09-03T19:00:51.596] [INFO] default - verified text compose
[2018-09-03T19:00:51.598] [INFO] default - message composed succesfully
[2018-09-03T19:01:02.966] [INFO] default - message sent succesfully
[2018-09-03T19:01:06.439] [INFO] default - viewing message
[2018-09-03T19:01:09.602] [INFO] default - Verified body
[2018-09-03T19:01:10.419] [INFO] default - SIGNOUT Completed
[2018-09-03T19:01:23.219] [INFO] default - SIGNIN Completed
[2018-09-03T19:01:50.807] [INFO] default - verified text compose
[2018-09-03T19:01:50.808] [INFO] default - message composed succesfully
[2018-09-03T19:02:01.966] [INFO] default - message sent succesfully
[2018-09-03T19:02:05.400] [INFO] default - viewing message
[2018-09-03T19:02:08.587] [INFO] default - Verified body
[2018-09-03T19:02:09.340] [INFO] default - SIGNOUT Completed
